<?xml version="1.0" encoding="UTF-8"?>
<!-- Generated by org.testng.reporters.JUnitXMLReporter -->
<testsuite ignored="70" hostname="DESKTOP-T6L47BI" failures="0" tests="3" name="Test" time="71.685" errors="0" timestamp="2024-11-13T17:04:24 IST">
  <testcase classname="dev_functions.A_testClass_dailyCheckPointList" name="userDetails" time="0.003"/>
  <testcase classname="dev_functions.A_testClass_dailyCheckPointList" name="createManualAlarmByAttribute" time="32.46"/>
  <testcase classname="dev_functions.A_testClass_dailyCheckPointList" name="detailsAboutScript" time="3.005"/>
  <testcase classname="dev_functions.A_testClass_dailyCheckPointList" name="createAvailabilityRequestSendRecursive" time="0.0">
    <ignored/>
  </testcase> <!-- createAvailabilityRequestSendRecursive -->
  <testcase classname="dev_functions.A_testClass_dailyCheckPointList" name="createAlamLoop" time="0.0">
    <ignored/>
  </testcase> <!-- createAlamLoop -->
  <testcase classname="dev_functions.A_testClass_dailyCheckPointList" name="sendMessageChatGrouCreatedByAttribute" time="0.0">
    <ignored/>
  </testcase> <!-- sendMessageChatGrouCreatedByAttribute -->
  <testcase classname="dev_functions.A_testClass_dailyCheckPointList" name="createPermissionGroupDefaultStation" time="0.0">
    <ignored/>
  </testcase> <!-- createPermissionGroupDefaultStation -->
  <testcase classname="dev_functions.A_testClass_dailyCheckPointList" name="testAlarmByRecursiveMonthlyDayWise" time="0.0">
    <ignored/>
  </testcase> <!-- testAlarmByRecursiveMonthlyDayWise -->
  <testcase classname="dev_functions.A_testClass_dailyCheckPointList" name="addMultiFfUser" time="0.0">
    <ignored/>
  </testcase> <!-- addMultiFfUser -->
  <testcase classname="dev_functions.A_testClass_dailyCheckPointList" name="addEventCategory" time="0.0">
    <ignored/>
  </testcase> <!-- addEventCategory -->
  <testcase classname="dev_functions.A_testClass_dailyCheckPointList" name="sendMessageChatGrouForNewStation" time="0.0">
    <ignored/>
  </testcase> <!-- sendMessageChatGrouForNewStation -->
  <testcase classname="dev_functions.A_testClass_dailyCheckPointList" name="SendmessagetoARUsers" time="0.0">
    <ignored/>
  </testcase> <!-- SendmessagetoARUsers -->
  <testcase classname="dev_functions.A_testClass_dailyCheckPointList" name="cretecalendarEventResourceSchedule" time="0.0">
    <ignored/>
  </testcase> <!-- cretecalendarEventResourceSchedule -->
  <testcase classname="dev_functions.A_testClass_dailyCheckPointList" name="sendmessageToTestAlarmUsers" time="0.0">
    <ignored/>
  </testcase> <!-- sendmessageToTestAlarmUsers -->
  <testcase classname="dev_functions.A_testClass_dailyCheckPointList" name="addStationUserForStation06" time="0.0">
    <ignored/>
  </testcase> <!-- addStationUserForStation06 -->
  <testcase classname="dev_functions.A_testClass_dailyCheckPointList" name="createNormalCheckList" time="0.0">
    <ignored/>
  </testcase> <!-- createNormalCheckList -->
  <testcase classname="dev_functions.A_testClass_dailyCheckPointList" name="addMultiStUser" time="0.0">
    <ignored/>
  </testcase> <!-- addMultiStUser -->
  <testcase classname="dev_functions.A_testClass_dailyCheckPointList" name="createInfoEventByAttributeSchedule" time="0.0">
    <ignored/>
  </testcase> <!-- createInfoEventByAttributeSchedule -->
  <testcase classname="dev_functions.A_testClass_dailyCheckPointList" name="createInformationByResource" time="0.0">
    <ignored/>
  </testcase> <!-- createInformationByResource -->
  <testcase classname="dev_functions.A_testClass_dailyCheckPointList" name="createChatgroupByAttribute" time="0.0">
    <ignored/>
  </testcase> <!-- createChatgroupByAttribute -->
  <testcase classname="dev_functions.A_testClass_dailyCheckPointList" name="cretecalendarEventFirefighterSchedule" time="0.0">
    <ignored/>
  </testcase> <!-- cretecalendarEventFirefighterSchedule -->
  <testcase classname="dev_functions.A_testClass_dailyCheckPointList" name="addResourceForNewStation" time="0.0">
    <ignored/>
  </testcase> <!-- addResourceForNewStation -->
  <testcase classname="dev_functions.A_testClass_dailyCheckPointList" name="addMultiMRUser" time="0.0">
    <ignored/>
  </testcase> <!-- addMultiMRUser -->
  <testcase classname="dev_functions.A_testClass_dailyCheckPointList" name="createMonitorInformation01" time="0.0">
    <ignored/>
  </testcase> <!-- createMonitorInformation01 -->
  <testcase classname="dev_functions.A_testClass_dailyCheckPointList" name="sendmessageToinfoEventUsers" time="0.0">
    <ignored/>
  </testcase> <!-- sendmessageToinfoEventUsers -->
  <testcase classname="dev_functions.A_testClass_dailyCheckPointList" name="createAvailabilityRequestSendMultipleDays" time="0.0">
    <ignored/>
  </testcase> <!-- createAvailabilityRequestSendMultipleDays -->
  <testcase classname="dev_functions.A_testClass_dailyCheckPointList" name="sendmessageToinfoUsers" time="0.0">
    <ignored/>
  </testcase> <!-- sendmessageToinfoUsers -->
  <testcase classname="dev_functions.A_testClass_dailyCheckPointList" name="sendMessageChatGrouCreatedByFirefighter" time="0.0">
    <ignored/>
  </testcase> <!-- sendMessageChatGrouCreatedByFirefighter -->
  <testcase classname="dev_functions.A_testClass_dailyCheckPointList" name="createTestAlarmByAttributeRecursiveMontlyDateWise" time="0.0">
    <ignored/>
  </testcase> <!-- createTestAlarmByAttributeRecursiveMontlyDateWise -->
  <testcase classname="dev_functions.A_testClass_dailyCheckPointList" name="createStormAlarm" time="0.0">
    <ignored/>
  </testcase> <!-- createStormAlarm -->
  <testcase classname="dev_functions.A_testClass_dailyCheckPointList" name="logInNewMonitorUser" time="0.0">
    <ignored/>
  </testcase> <!-- logInNewMonitorUser -->
  <testcase classname="dev_functions.A_testClass_dailyCheckPointList" name="createManualAlarmByFireFighte" time="0.0">
    <ignored/>
  </testcase> <!-- createManualAlarmByFireFighte -->
  <testcase classname="dev_functions.A_testClass_dailyCheckPointList" name="createChatgroupByFirefighter" time="0.0">
    <ignored/>
  </testcase> <!-- createChatgroupByFirefighter -->
  <testcase classname="dev_functions.A_testClass_dailyCheckPointList" name="createInformationByAttribute" time="0.0">
    <ignored/>
  </testcase> <!-- createInformationByAttribute -->
  <testcase classname="dev_functions.A_testClass_dailyCheckPointList" name="extendAlarmFrom07To06ByAttribute" time="0.0">
    <ignored/>
  </testcase> <!-- extendAlarmFrom07To06ByAttribute -->
  <testcase classname="dev_functions.A_testClass_dailyCheckPointList" name="createInfoEventByAttribute" time="0.0">
    <ignored/>
  </testcase> <!-- createInfoEventByAttribute -->
  <testcase classname="dev_functions.A_testClass_dailyCheckPointList" name="sendmessageToAlarmUser" time="0.0">
    <ignored/>
  </testcase> <!-- sendmessageToAlarmUser -->
  <testcase classname="dev_functions.A_testClass_dailyCheckPointList" name="createLowPriorityManualAlarmByEscalationResource" time="0.0">
    <ignored/>
  </testcase> <!-- createLowPriorityManualAlarmByEscalationResource -->
  <testcase classname="dev_functions.A_testClass_dailyCheckPointList" name="addVehicleUserForStation06" time="0.0">
    <ignored/>
  </testcase> <!-- addVehicleUserForStation06 -->
  <testcase classname="dev_functions.A_testClass_dailyCheckPointList" name="createChatGrouForStation06Users" time="0.0">
    <ignored/>
  </testcase> <!-- createChatGrouForStation06Users -->
  <testcase classname="dev_functions.A_testClass_dailyCheckPointList" name="createChatgroupByAlarmloop" time="0.0">
    <ignored/>
  </testcase> <!-- createChatgroupByAlarmloop -->
  <testcase classname="dev_functions.A_testClass_dailyCheckPointList" name="createAlamTemplate" time="0.0">
    <ignored/>
  </testcase> <!-- createAlamTemplate -->
  <testcase classname="dev_functions.A_testClass_dailyCheckPointList" name="addFirefighterForNewStation06" time="0.0">
    <ignored/>
  </testcase> <!-- addFirefighterForNewStation06 -->
  <testcase classname="dev_functions.A_testClass_dailyCheckPointList" name="createTestAlarmByAttributeOneTime" time="0.0">
    <ignored/>
  </testcase> <!-- createTestAlarmByAttributeOneTime -->
  <testcase classname="dev_functions.A_testClass_dailyCheckPointList" name="addFireStation" time="0.0">
    <ignored/>
  </testcase> <!-- addFireStation -->
  <testcase classname="dev_functions.A_testClass_dailyCheckPointList" name="createInfoEventByFighterSchedule" time="0.0">
    <ignored/>
  </testcase> <!-- createInfoEventByFighterSchedule -->
  <testcase classname="dev_functions.A_testClass_dailyCheckPointList" name="createManualAlarmByEscalationResource" time="0.0">
    <ignored/>
  </testcase> <!-- createManualAlarmByEscalationResource -->
  <testcase classname="dev_functions.A_testClass_dailyCheckPointList" name="extendAlarmToSecondStation" time="0.0">
    <ignored/>
  </testcase> <!-- extendAlarmToSecondStation -->
  <testcase classname="dev_functions.A_testClass_dailyCheckPointList" name="createTestAlarmByAttributeRecursivedaily" time="0.0">
    <ignored/>
  </testcase> <!-- createTestAlarmByAttributeRecursivedaily -->
  <testcase classname="dev_functions.A_testClass_dailyCheckPointList" name="createAvailabilityRequestSendSchedule" time="0.0">
    <ignored/>
  </testcase> <!-- createAvailabilityRequestSendSchedule -->
  <testcase classname="dev_functions.A_testClass_dailyCheckPointList" name="sendMessageChatGrouCreatedByResource" time="0.0">
    <ignored/>
  </testcase> <!-- sendMessageChatGrouCreatedByResource -->
  <testcase classname="dev_functions.A_testClass_dailyCheckPointList" name="createChatGrouForNewStation" time="0.0">
    <ignored/>
  </testcase> <!-- createChatGrouForNewStation -->
  <testcase classname="dev_functions.A_testClass_dailyCheckPointList" name="time" time="0.0">
    <ignored/>
  </testcase> <!-- time -->
  <testcase classname="dev_functions.A_testClass_dailyCheckPointList" name="lowPriorityAlarmWithEscalationResource" time="0.0">
    <ignored/>
  </testcase> <!-- lowPriorityAlarmWithEscalationResource -->
  <testcase classname="dev_functions.A_testClass_dailyCheckPointList" name="createResource" time="0.0">
    <ignored/>
  </testcase> <!-- createResource -->
  <testcase classname="dev_functions.A_testClass_dailyCheckPointList" name="createLowPriorityManualAlarmByAttribute" time="0.0">
    <ignored/>
  </testcase> <!-- createLowPriorityManualAlarmByAttribute -->
  <testcase classname="dev_functions.A_testClass_dailyCheckPointList" name="sendMessageChatGrouCreatedByAlarmLoop" time="0.0">
    <ignored/>
  </testcase> <!-- sendMessageChatGrouCreatedByAlarmLoop -->
  <testcase classname="dev_functions.A_testClass_dailyCheckPointList" name="createMonitorInformation02" time="0.0">
    <ignored/>
  </testcase> <!-- createMonitorInformation02 -->
  <testcase classname="dev_functions.A_testClass_dailyCheckPointList" name="createNewStationMonitorUser" time="0.0">
    <ignored/>
  </testcase> <!-- createNewStationMonitorUser -->
  <testcase classname="dev_functions.A_testClass_dailyCheckPointList" name="cretecalendarEventAttributeSchedule" time="0.0">
    <ignored/>
  </testcase> <!-- cretecalendarEventAttributeSchedule -->
  <testcase classname="dev_functions.A_testClass_dailyCheckPointList" name="createAlarmCheckList" time="0.0">
    <ignored/>
  </testcase> <!-- createAlarmCheckList -->
  <testcase classname="dev_functions.A_testClass_dailyCheckPointList" name="createMonitorUserForSt06" time="0.0">
    <ignored/>
  </testcase> <!-- createMonitorUserForSt06 -->
  <testcase classname="dev_functions.A_testClass_dailyCheckPointList" name="createAvailabilityRequestSendImmediat" time="0.0">
    <ignored/>
  </testcase> <!-- createAvailabilityRequestSendImmediat -->
  <testcase classname="dev_functions.A_testClass_dailyCheckPointList" name="createInfoEventByResourceSchedule" time="0.0">
    <ignored/>
  </testcase> <!-- createInfoEventByResourceSchedule -->
  <testcase classname="dev_functions.A_testClass_dailyCheckPointList" name="createTestAlarmByAttributeRecursiveWeekly" time="0.0">
    <ignored/>
  </testcase> <!-- createTestAlarmByAttributeRecursiveWeekly -->
  <testcase classname="dev_functions.A_testClass_dailyCheckPointList" name="extendLowPriorityAlarmFrom07To06ByAttribute" time="0.0">
    <ignored/>
  </testcase> <!-- extendLowPriorityAlarmFrom07To06ByAttribute -->
  <testcase classname="dev_functions.A_testClass_dailyCheckPointList" name="createChatgroupByResource" time="0.0">
    <ignored/>
  </testcase> <!-- createChatgroupByResource -->
  <testcase classname="dev_functions.A_testClass_dailyCheckPointList" name="createInfoEventByResource" time="0.0">
    <ignored/>
  </testcase> <!-- createInfoEventByResource -->
  <testcase classname="dev_functions.A_testClass_dailyCheckPointList" name="createManualAlarmByResource" time="0.0">
    <ignored/>
  </testcase> <!-- createManualAlarmByResource -->
  <testcase classname="dev_functions.A_testClass_dailyCheckPointList" name="createManualAlarmByNewFireighterForNewStation" time="0.0">
    <ignored/>
  </testcase> <!-- createManualAlarmByNewFireighterForNewStation -->
  <testcase classname="dev_functions.A_testClass_dailyCheckPointList" name="createInformationByFirefighter" time="0.0">
    <ignored/>
  </testcase> <!-- createInformationByFirefighter -->
  <testcase classname="dev_functions.A_testClass_dailyCheckPointList" name="createInfoEventByFirefighter" time="0.0">
    <ignored/>
  </testcase> <!-- createInfoEventByFirefighter -->
  <testcase classname="dev_functions.A_testClass_dailyCheckPointList" name="CreateAttributeForDepartment" time="0.0">
    <ignored/>
  </testcase> <!-- CreateAttributeForDepartment -->
</testsuite> <!-- Test -->
