<?xml version="1.0" encoding="UTF-8"?>
<testng-results ignored="0" total="3" passed="3" failed="0" skipped="0">
  <reporter-output>
    <line>
      <![CDATA[Hello, Daily check point checking process has started.-13.11.2024>12:33]]>
    </line>
    <line>
      <![CDATA[ ]]>
    </line>
    <line>
      <![CDATA[Todays is 2 Wednesday of this month.]]>
    </line>
    <line>
      <![CDATA[ ]]>
    </line>
    <line>
      <![CDATA[ ]]>
    </line>
    <line>
      <![CDATA[live department user # bhupesh.dept_dev@atpl.in # log in sucessfully]]>
    </line>
    <line>
      <![CDATA[ ]]>
    </line>
    <line>
      <![CDATA[ ]]>
    </line>
    <line>
      <![CDATA[The process of creating a manual alarm by attribute is started.]]>
    </line>
    <line>
      <![CDATA[The process of creating a manual alarm by attribute is complete.]]>
    </line>
    <line>
      <![CDATA[ ]]>
    </line>
    <line>
      <![CDATA[ ]]>
    </line>
    <line>
      <![CDATA[Login  date-13.11.2024 & login  time -12:33]]>
    </line>
    <line>
      <![CDATA[Logout date-13-11-2024 & logout time -12:34]]>
    </line>
    <line>
      <![CDATA[ ]]>
    </line>
    <line>
      <![CDATA[Logout sucessfully.]]>
    </line>
    <line>
      <![CDATA[ ]]>
    </line>
    <line>
      <![CDATA[Refresh the URL before successfully closing the browser.]]>
    </line>
    <line>
      <![CDATA[Browser close sucessfully.]]>
    </line>
    <line>
      <![CDATA[ ]]>
    </line>
  </reporter-output>
  <suite started-at="2024-11-13T17:03:13 IST" name="Suite" finished-at="2024-11-13T17:04:24 IST" duration-ms="71685">
    <groups>
    </groups>
    <test started-at="2024-11-13T17:03:13 IST" name="Test" finished-at="2024-11-13T17:04:24 IST" duration-ms="71685">
      <class name="dev_functions.A_testClass_dailyCheckPointList">
        <test-method is-config="true" signature="BeforeSuite()[pri:0, instance:dev_functions.A_testClass_dailyCheckPointList@3f191845]" started-at="2024-11-13T17:03:09 IST" name="BeforeSuite" finished-at="2024-11-13T17:03:13 IST" duration-ms="3420" status="PASS">
          <reporter-output>
          </reporter-output>
        </test-method> <!-- BeforeSuite -->
        <test-method is-config="true" signature="BeforeTest()[pri:0, instance:dev_functions.A_testClass_dailyCheckPointList@3f191845]" started-at="2024-11-13T17:03:13 IST" name="BeforeTest" finished-at="2024-11-13T17:03:16 IST" duration-ms="3818" status="PASS">
          <reporter-output>
          </reporter-output>
        </test-method> <!-- BeforeTest -->
        <test-method is-config="true" signature="lounchBrowser()[pri:0, instance:dev_functions.A_testClass_dailyCheckPointList@3f191845]" started-at="2024-11-13T17:03:16 IST" name="lounchBrowser" finished-at="2024-11-13T17:03:17 IST" duration-ms="117" status="PASS">
          <reporter-output>
            <line>
              <![CDATA[Hello, Daily check point checking process has started.-13.11.2024>12:33]]>
            </line>
            <line>
              <![CDATA[ ]]>
            </line>
            <line>
              <![CDATA[Todays is 2 Wednesday of this month.]]>
            </line>
            <line>
              <![CDATA[ ]]>
            </line>
          </reporter-output>
        </test-method> <!-- lounchBrowser -->
        <test-method is-config="true" signature="backToHomePage()[pri:0, instance:dev_functions.A_testClass_dailyCheckPointList@3f191845]" started-at="2024-11-13T17:03:17 IST" name="backToHomePage" finished-at="2024-11-13T17:03:20 IST" duration-ms="3857" status="PASS">
          <reporter-output>
          </reporter-output>
        </test-method> <!-- backToHomePage -->
        <test-method signature="userDetails()[pri:0, instance:dev_functions.A_testClass_dailyCheckPointList@3f191845]" started-at="2024-11-13T17:03:20 IST" name="userDetails" finished-at="2024-11-13T17:03:20 IST" duration-ms="3" status="PASS">
          <reporter-output>
            <line>
              <![CDATA[ ]]>
            </line>
            <line>
              <![CDATA[live department user # bhupesh.dept_dev@atpl.in # log in sucessfully]]>
            </line>
            <line>
              <![CDATA[ ]]>
            </line>
          </reporter-output>
        </test-method> <!-- userDetails -->
        <test-method is-config="true" signature="backToHomePage2()[pri:0, instance:dev_functions.A_testClass_dailyCheckPointList@3f191845]" started-at="2024-11-13T17:03:20 IST" name="backToHomePage2" finished-at="2024-11-13T17:03:22 IST" duration-ms="1966" status="PASS">
          <reporter-output>
          </reporter-output>
        </test-method> <!-- backToHomePage2 -->
        <test-method is-config="true" signature="backToHomePage()[pri:0, instance:dev_functions.A_testClass_dailyCheckPointList@3f191845]" started-at="2024-11-13T17:03:22 IST" name="backToHomePage" finished-at="2024-11-13T17:03:25 IST" duration-ms="2181" status="PASS">
          <reporter-output>
          </reporter-output>
        </test-method> <!-- backToHomePage -->
        <test-method signature="createManualAlarmByAttribute()[pri:0, instance:dev_functions.A_testClass_dailyCheckPointList@3f191845]" started-at="2024-11-13T17:03:25 IST" name="createManualAlarmByAttribute" finished-at="2024-11-13T17:03:57 IST" duration-ms="32460" status="PASS">
          <reporter-output>
            <line>
              <![CDATA[ ]]>
            </line>
            <line>
              <![CDATA[The process of creating a manual alarm by attribute is started.]]>
            </line>
            <line>
              <![CDATA[The process of creating a manual alarm by attribute is complete.]]>
            </line>
            <line>
              <![CDATA[ ]]>
            </line>
          </reporter-output>
        </test-method> <!-- createManualAlarmByAttribute -->
        <test-method is-config="true" signature="backToHomePage2()[pri:0, instance:dev_functions.A_testClass_dailyCheckPointList@3f191845]" started-at="2024-11-13T17:03:57 IST" name="backToHomePage2" finished-at="2024-11-13T17:03:59 IST" duration-ms="2086" status="PASS">
          <reporter-output>
          </reporter-output>
        </test-method> <!-- backToHomePage2 -->
        <test-method is-config="true" signature="backToHomePage()[pri:0, instance:dev_functions.A_testClass_dailyCheckPointList@3f191845]" started-at="2024-11-13T17:03:59 IST" name="backToHomePage" finished-at="2024-11-13T17:04:13 IST" duration-ms="13766" status="PASS">
          <reporter-output>
          </reporter-output>
        </test-method> <!-- backToHomePage -->
        <test-method signature="detailsAboutScript()[pri:0, instance:dev_functions.A_testClass_dailyCheckPointList@3f191845]" started-at="2024-11-13T17:04:13 IST" name="detailsAboutScript" finished-at="2024-11-13T17:04:16 IST" duration-ms="3005" status="PASS">
          <reporter-output>
            <line>
              <![CDATA[ ]]>
            </line>
            <line>
              <![CDATA[Login  date-13.11.2024 & login  time -12:33]]>
            </line>
            <line>
              <![CDATA[Logout date-13-11-2024 & logout time -12:34]]>
            </line>
            <line>
              <![CDATA[ ]]>
            </line>
          </reporter-output>
        </test-method> <!-- detailsAboutScript -->
        <test-method is-config="true" signature="backToHomePage2()[pri:0, instance:dev_functions.A_testClass_dailyCheckPointList@3f191845]" started-at="2024-11-13T17:04:16 IST" name="backToHomePage2" finished-at="2024-11-13T17:04:18 IST" duration-ms="2569" status="PASS">
          <reporter-output>
          </reporter-output>
        </test-method> <!-- backToHomePage2 -->
        <test-method is-config="true" signature="logOut()[pri:0, instance:dev_functions.A_testClass_dailyCheckPointList@3f191845]" started-at="2024-11-13T17:04:18 IST" name="logOut" finished-at="2024-11-13T17:04:24 IST" duration-ms="5541" status="PASS">
          <reporter-output>
            <line>
              <![CDATA[Logout sucessfully.]]>
            </line>
            <line>
              <![CDATA[ ]]>
            </line>
          </reporter-output>
        </test-method> <!-- logOut -->
        <test-method is-config="true" signature="AfterTest()[pri:0, instance:dev_functions.A_testClass_dailyCheckPointList@3f191845]" started-at="2024-11-13T17:04:24 IST" name="AfterTest" finished-at="2024-11-13T17:04:24 IST" duration-ms="279" status="PASS">
          <reporter-output>
            <line>
              <![CDATA[Refresh the URL before successfully closing the browser.]]>
            </line>
          </reporter-output>
        </test-method> <!-- AfterTest -->
        <test-method is-config="true" signature="AfterSute()[pri:0, instance:dev_functions.A_testClass_dailyCheckPointList@3f191845]" started-at="2024-11-13T17:04:24 IST" name="AfterSute" finished-at="2024-11-13T17:04:25 IST" duration-ms="188" status="PASS">
          <reporter-output>
            <line>
              <![CDATA[Browser close sucessfully.]]>
            </line>
            <line>
              <![CDATA[ ]]>
            </line>
          </reporter-output>
        </test-method> <!-- AfterSute -->
      </class> <!-- dev_functions.A_testClass_dailyCheckPointList -->
    </test> <!-- Test -->
  </suite> <!-- Suite -->
</testng-results>
